<?xml version="1.0" encoding="UTF-8"?>
<testng-results skipped="0" failed="1" total="1" passed="0">
  <reporter-output>
  </reporter-output>
  <suite name="Default suite" duration-ms="140059" started-at="2019-01-25T12:45:43Z" finished-at="2019-01-25T12:48:03Z">
    <groups>
    </groups>
    <test name="Default test" duration-ms="140059" started-at="2019-01-25T12:45:43Z" finished-at="2019-01-25T12:48:03Z">
      <class name="com.RBC.Mobile.Android.Tests.AmazonPlace">
        <test-method status="PASS" signature="setUpCap()[pri:0, instance:com.RBC.Mobile.Android.Tests.AmazonPlace@5b275dab]" name="setUpCap" is-config="true" duration-ms="6" started-at="2019-01-25T18:15:43Z" finished-at="2019-01-25T18:15:43Z">
          <reporter-output>
          </reporter-output>
        </test-method> <!-- setUpCap -->
        <test-method status="FAIL" signature="maintest()[pri:0, instance:com.RBC.Mobile.Android.Tests.AmazonPlace@5b275dab]" name="maintest" duration-ms="140039" started-at="2019-01-25T18:15:43Z" finished-at="2019-01-25T18:18:03Z">
          <exception class="org.openqa.selenium.NoSuchElementException">
            <message>
              <![CDATA[An element could not be located on the page using the given search parameters.
For documentation on this error, please visit: http://seleniumhq.org/exceptions/no_such_element.html
Build info: version: '3.12.0', revision: '7c6e0b3', time: '2018-05-08T14:04:26.12Z'
System info: host: 'LabMac1.local', ip: '192.168.60.48', os.name: 'Mac OS X', os.arch: 'x86_64', os.version: '10.13.6', java.version: '1.8.0_144'
Driver info: io.appium.java_client.android.AndroidDriver
Capabilities {appActivity: com.amazon.mShop.home.HomeA..., appPackage: in.amazon.mShop.android.sho..., databaseEnabled: false, desired: {appActivity: com.amazon.mShop.home.HomeA..., appPackage: in.amazon.mShop.android.sho..., deviceName: samsung note 4, noReset: true, platformName: android, platformVersion: 6.0}, deviceManufacturer: samsung, deviceModel: SM-N910G, deviceName: 471dc464, deviceScreenSize: 1440x2560, deviceUDID: 471dc464, javascriptEnabled: true, locationContextEnabled: false, networkConnectionEnabled: true, noReset: true, platform: LINUX, platformName: Android, platformVersion: 6.0.1, takesScreenshot: true, warnings: {}, webStorageEnabled: false}
Session ID: 31c3c3c7-f118-4cd9-b410-d4d648183dba
*** Element info: {Using=-android uiautomator, value=new UiScrollable(new UiSelector()).scrollIntoView(new UiSelector().text("add-to-cart-button"));}]]>
            </message>
            <full-stacktrace>
              <![CDATA[org.openqa.selenium.NoSuchElementException: An element could not be located on the page using the given search parameters.
For documentation on this error, please visit: http://seleniumhq.org/exceptions/no_such_element.html
Build info: version: '3.12.0', revision: '7c6e0b3', time: '2018-05-08T14:04:26.12Z'
System info: host: 'LabMac1.local', ip: '192.168.60.48', os.name: 'Mac OS X', os.arch: 'x86_64', os.version: '10.13.6', java.version: '1.8.0_144'
Driver info: io.appium.java_client.android.AndroidDriver
Capabilities {appActivity: com.amazon.mShop.home.HomeA..., appPackage: in.amazon.mShop.android.sho..., databaseEnabled: false, desired: {appActivity: com.amazon.mShop.home.HomeA..., appPackage: in.amazon.mShop.android.sho..., deviceName: samsung note 4, noReset: true, platformName: android, platformVersion: 6.0}, deviceManufacturer: samsung, deviceModel: SM-N910G, deviceName: 471dc464, deviceScreenSize: 1440x2560, deviceUDID: 471dc464, javascriptEnabled: true, locationContextEnabled: false, networkConnectionEnabled: true, noReset: true, platform: LINUX, platformName: Android, platformVersion: 6.0.1, takesScreenshot: true, warnings: {}, webStorageEnabled: false}
Session ID: 31c3c3c7-f118-4cd9-b410-d4d648183dba
*** Element info: {Using=-android uiautomator, value=new UiScrollable(new UiSelector()).scrollIntoView(new UiSelector().text("add-to-cart-button"));}
	at sun.reflect.NativeConstructorAccessorImpl.newInstance0(Native Method)
	at sun.reflect.NativeConstructorAccessorImpl.newInstance(NativeConstructorAccessorImpl.java:62)
	at sun.reflect.DelegatingConstructorAccessorImpl.newInstance(DelegatingConstructorAccessorImpl.java:45)
	at java.lang.reflect.Constructor.newInstance(Constructor.java:423)
	at org.openqa.selenium.remote.http.W3CHttpResponseCodec.createException(W3CHttpResponseCodec.java:187)
	at org.openqa.selenium.remote.http.W3CHttpResponseCodec.decode(W3CHttpResponseCodec.java:122)
	at org.openqa.selenium.remote.http.W3CHttpResponseCodec.decode(W3CHttpResponseCodec.java:49)
	at org.openqa.selenium.remote.HttpCommandExecutor.execute(HttpCommandExecutor.java:158)
	at io.appium.java_client.remote.AppiumCommandExecutor.execute(AppiumCommandExecutor.java:231)
	at org.openqa.selenium.remote.RemoteWebDriver.execute(RemoteWebDriver.java:543)
	at io.appium.java_client.DefaultGenericMobileDriver.execute(DefaultGenericMobileDriver.java:42)
	at io.appium.java_client.AppiumDriver.execute(AppiumDriver.java:1)
	at io.appium.java_client.android.AndroidDriver.execute(AndroidDriver.java:1)
	at org.openqa.selenium.remote.RemoteWebElement.execute(RemoteWebElement.java:276)
	at io.appium.java_client.DefaultGenericMobileElement.execute(DefaultGenericMobileElement.java:45)
	at io.appium.java_client.MobileElement.execute(MobileElement.java:1)
	at io.appium.java_client.android.AndroidElement.execute(AndroidElement.java:1)
	at org.openqa.selenium.remote.RemoteWebElement.findElement(RemoteWebElement.java:179)
	at io.appium.java_client.DefaultGenericMobileElement.findElement(DefaultGenericMobileElement.java:65)
	at io.appium.java_client.MobileElement.findElement(MobileElement.java:1)
	at io.appium.java_client.android.AndroidElement.findElement(AndroidElement.java:1)
	at io.appium.java_client.FindsByAndroidUIAutomator.findElementByAndroidUIAutomator(FindsByAndroidUIAutomator.java:38)
	at AmazonAppAssignment.AmazonAppAssignment.UtilityClass.scrollToExactElement(UtilityClass.java:15)
	at AmazonAppAssignment.AmazonAppAssignment.KindleObjectDetails.scrollToInStockElement(KindleObjectDetails.java:23)
	at com.RBC.Mobile.Android.Tests.AmazonPlace.maintest(AmazonPlace.java:48)
	at sun.reflect.NativeMethodAccessorImpl.invoke0(Native Method)
	at sun.reflect.NativeMethodAccessorImpl.invoke(NativeMethodAccessorImpl.java:62)
	at sun.reflect.DelegatingMethodAccessorImpl.invoke(DelegatingMethodAccessorImpl.java:43)
	at java.lang.reflect.Method.invoke(Method.java:498)
	at org.testng.internal.MethodInvocationHelper.invokeMethod(MethodInvocationHelper.java:80)
	at org.testng.internal.Invoker.invokeMethod(Invoker.java:714)
	at org.testng.internal.Invoker.invokeTestMethod(Invoker.java:901)
	at org.testng.internal.Invoker.invokeTestMethods(Invoker.java:1231)
	at org.testng.internal.TestMethodWorker.invokeTestMethods(TestMethodWorker.java:127)
	at org.testng.internal.TestMethodWorker.run(TestMethodWorker.java:111)
	at org.testng.TestRunner.privateRun(TestRunner.java:767)
	at org.testng.TestRunner.run(TestRunner.java:617)
	at org.testng.SuiteRunner.runTest(SuiteRunner.java:334)
	at org.testng.SuiteRunner.runSequentially(SuiteRunner.java:329)
	at org.testng.SuiteRunner.privateRun(SuiteRunner.java:291)
	at org.testng.SuiteRunner.run(SuiteRunner.java:240)
	at org.testng.SuiteRunnerWorker.runSuite(SuiteRunnerWorker.java:52)
	at org.testng.SuiteRunnerWorker.run(SuiteRunnerWorker.java:86)
	at org.testng.TestNG.runSuitesSequentially(TestNG.java:1198)
	at org.testng.TestNG.runSuitesLocally(TestNG.java:1123)
	at org.testng.TestNG.run(TestNG.java:1031)
	at org.testng.remote.AbstractRemoteTestNG.run(AbstractRemoteTestNG.java:114)
	at org.testng.remote.RemoteTestNG.initAndRun(RemoteTestNG.java:251)
	at org.testng.remote.RemoteTestNG.main(RemoteTestNG.java:77)
]]>
            </full-stacktrace>
          </exception> <!-- org.openqa.selenium.NoSuchElementException -->
          <reporter-output>
          </reporter-output>
        </test-method> <!-- maintest -->
      </class> <!-- com.RBC.Mobile.Android.Tests.AmazonPlace -->
    </test> <!-- Default test -->
  </suite> <!-- Default suite -->
</testng-results>
